
*** Running vivado
    with args -log top.vds -m64 -product Vivado -mode batch -messageDb vivado.pb -notrace -source top.tcl



****** Vivado v2021.1 (64-bit)
  **** SW Build 3247384 on Thu Jun 10 19:36:33 MDT 2021
  **** IP Build 3246043 on Fri Jun 11 00:30:35 MDT 2021
    ** Copyright 1986-2021 Xilinx, Inc. All Rights Reserved.

source top.tcl -notrace
Command: synth_design -top top -part xc7a100tcsg324-2
Starting synth_design
Attempting to get a license for feature 'Synthesis' and/or device 'xc7a100t'
INFO: [Common 17-349] Got license for feature 'Synthesis' and/or device 'xc7a100t'
INFO: [Device 21-403] Loading part xc7a100tcsg324-2
INFO: [Synth 8-7079] Multithreading enabled for synth_design using a maximum of 2 processes.
INFO: [Synth 8-7078] Launching helper process for spawning children vivado processes
INFO: [Synth 8-7075] Helper process launched with PID 2548
---------------------------------------------------------------------------------
Starting RTL Elaboration : Time (s): cpu = 00:00:03 ; elapsed = 00:00:03 . Memory (MB): peak = 1136.598 ; gain = 0.000
---------------------------------------------------------------------------------
INFO: [Synth 8-6157] synthesizing module 'top' [D:/Programs/vivado/cpu_4/cpu_3.srcs/sources_1/imports/rtl/top.v:23]
INFO: [Synth 8-6157] synthesizing module 'mips' [D:/Programs/vivado/cpu_4/cpu_3.srcs/sources_1/imports/rtl/mips.v:23]
INFO: [Synth 8-6157] synthesizing module 'controller' [D:/Programs/vivado/cpu_4/cpu_3.srcs/sources_1/new/controller.v:23]
INFO: [Synth 8-6157] synthesizing module 'maindec' [D:/Programs/vivado/cpu_4/cpu_3.srcs/sources_1/new/maindec.v:23]
WARNING: [Synth 8-589] replacing case/wildcard equality operator === with logical equality operator == [D:/Programs/vivado/cpu_4/cpu_3.srcs/sources_1/new/maindec.v:36]
WARNING: [Synth 8-589] replacing case/wildcard equality operator === with logical equality operator == [D:/Programs/vivado/cpu_4/cpu_3.srcs/sources_1/new/maindec.v:37]
WARNING: [Synth 8-589] replacing case/wildcard equality operator === with logical equality operator == [D:/Programs/vivado/cpu_4/cpu_3.srcs/sources_1/new/maindec.v:38]
WARNING: [Synth 8-589] replacing case/wildcard equality operator === with logical equality operator == [D:/Programs/vivado/cpu_4/cpu_3.srcs/sources_1/new/maindec.v:39]
WARNING: [Synth 8-589] replacing case/wildcard equality operator === with logical equality operator == [D:/Programs/vivado/cpu_4/cpu_3.srcs/sources_1/new/maindec.v:40]
WARNING: [Synth 8-589] replacing case/wildcard equality operator === with logical equality operator == [D:/Programs/vivado/cpu_4/cpu_3.srcs/sources_1/new/maindec.v:41]
INFO: [Synth 8-6155] done synthesizing module 'maindec' (1#1) [D:/Programs/vivado/cpu_4/cpu_3.srcs/sources_1/new/maindec.v:23]
WARNING: [Synth 8-7071] port 'rt' of module 'maindec' is unconnected for instance 'dec1' [D:/Programs/vivado/cpu_4/cpu_3.srcs/sources_1/new/controller.v:41]
WARNING: [Synth 8-7023] instance 'dec1' of module 'maindec' has 10 connections declared, but only 9 given [D:/Programs/vivado/cpu_4/cpu_3.srcs/sources_1/new/controller.v:41]
INFO: [Synth 8-6157] synthesizing module 'aludec' [D:/Programs/vivado/cpu_4/cpu_3.srcs/sources_1/new/aludec.v:24]
INFO: [Synth 8-6155] done synthesizing module 'aludec' (2#1) [D:/Programs/vivado/cpu_4/cpu_3.srcs/sources_1/new/aludec.v:24]
INFO: [Synth 8-6157] synthesizing module 'floprc' [D:/Programs/vivado/cpu_4/cpu_3.srcs/sources_1/new/floprc.v:23]
	Parameter width bound to: 10 - type: integer 
INFO: [Synth 8-6155] done synthesizing module 'floprc' (3#1) [D:/Programs/vivado/cpu_4/cpu_3.srcs/sources_1/new/floprc.v:23]
INFO: [Synth 8-6157] synthesizing module 'flopr' [D:/Programs/vivado/cpu_4/cpu_3.srcs/sources_1/new/flopr.v:23]
	Parameter width bound to: 3 - type: integer 
INFO: [Synth 8-6155] done synthesizing module 'flopr' (4#1) [D:/Programs/vivado/cpu_4/cpu_3.srcs/sources_1/new/flopr.v:23]
INFO: [Synth 8-6157] synthesizing module 'flopr__parameterized0' [D:/Programs/vivado/cpu_4/cpu_3.srcs/sources_1/new/flopr.v:23]
	Parameter width bound to: 2 - type: integer 
INFO: [Synth 8-6155] done synthesizing module 'flopr__parameterized0' (4#1) [D:/Programs/vivado/cpu_4/cpu_3.srcs/sources_1/new/flopr.v:23]
INFO: [Synth 8-6155] done synthesizing module 'controller' (5#1) [D:/Programs/vivado/cpu_4/cpu_3.srcs/sources_1/new/controller.v:23]
INFO: [Synth 8-6157] synthesizing module 'datapath' [D:/Programs/vivado/cpu_4/cpu_3.srcs/sources_1/new/datapath.v:23]
INFO: [Synth 8-6157] synthesizing module 'hazard' [D:/Programs/vivado/cpu_4/cpu_3.srcs/sources_1/new/hazard.v:23]
INFO: [Synth 8-6155] done synthesizing module 'hazard' (6#1) [D:/Programs/vivado/cpu_4/cpu_3.srcs/sources_1/new/hazard.v:23]
INFO: [Synth 8-6157] synthesizing module 'pc' [D:/Programs/vivado/cpu_4/cpu_3.srcs/sources_1/imports/new/pc.v:23]
INFO: [Synth 8-6155] done synthesizing module 'pc' (7#1) [D:/Programs/vivado/cpu_4/cpu_3.srcs/sources_1/imports/new/pc.v:23]
INFO: [Synth 8-6157] synthesizing module 'adder' [D:/Programs/vivado/cpu_4/cpu_3.srcs/sources_1/imports/rtl/adder.v:23]
INFO: [Synth 8-6155] done synthesizing module 'adder' (8#1) [D:/Programs/vivado/cpu_4/cpu_3.srcs/sources_1/imports/rtl/adder.v:23]
INFO: [Synth 8-6157] synthesizing module 'flopenrc' [D:/Programs/vivado/cpu_4/cpu_3.srcs/sources_1/new/flopenrc.v:23]
INFO: [Synth 8-6155] done synthesizing module 'flopenrc' (9#1) [D:/Programs/vivado/cpu_4/cpu_3.srcs/sources_1/new/flopenrc.v:23]
INFO: [Synth 8-6157] synthesizing module 'flopenr' [D:/Programs/vivado/cpu_4/cpu_3.srcs/sources_1/new/flopenr.v:23]
INFO: [Synth 8-6155] done synthesizing module 'flopenr' (10#1) [D:/Programs/vivado/cpu_4/cpu_3.srcs/sources_1/new/flopenr.v:23]
INFO: [Synth 8-6157] synthesizing module 'regfile' [D:/Programs/vivado/cpu_4/cpu_3.srcs/sources_1/imports/rtl/regfile.v:23]
INFO: [Synth 8-6155] done synthesizing module 'regfile' (11#1) [D:/Programs/vivado/cpu_4/cpu_3.srcs/sources_1/imports/rtl/regfile.v:23]
INFO: [Synth 8-6157] synthesizing module 'signext' [D:/Programs/vivado/cpu_4/cpu_3.srcs/sources_1/new/signext.v:23]
INFO: [Synth 8-6155] done synthesizing module 'signext' (12#1) [D:/Programs/vivado/cpu_4/cpu_3.srcs/sources_1/new/signext.v:23]
INFO: [Synth 8-6157] synthesizing module 'mux2' [D:/Programs/vivado/cpu_4/cpu_3.srcs/sources_1/new/mux2.v:23]
INFO: [Synth 8-6155] done synthesizing module 'mux2' (13#1) [D:/Programs/vivado/cpu_4/cpu_3.srcs/sources_1/new/mux2.v:23]
INFO: [Synth 8-6157] synthesizing module 'branch_predict' [D:/Programs/vivado/cpu_4/cpu_3.srcs/sources_1/new/branch_predict.v:1]
INFO: [Synth 8-226] default block is never used [D:/Programs/vivado/cpu_4/cpu_3.srcs/sources_1/new/branch_predict.v:88]
INFO: [Synth 8-6155] done synthesizing module 'branch_predict' (14#1) [D:/Programs/vivado/cpu_4/cpu_3.srcs/sources_1/new/branch_predict.v:1]
INFO: [Synth 8-6157] synthesizing module 'floprc__parameterized0' [D:/Programs/vivado/cpu_4/cpu_3.srcs/sources_1/new/floprc.v:23]
INFO: [Synth 8-6155] done synthesizing module 'floprc__parameterized0' (14#1) [D:/Programs/vivado/cpu_4/cpu_3.srcs/sources_1/new/floprc.v:23]
INFO: [Synth 8-6157] synthesizing module 'floprc__parameterized1' [D:/Programs/vivado/cpu_4/cpu_3.srcs/sources_1/new/floprc.v:23]
	Parameter width bound to: 15 - type: integer 
INFO: [Synth 8-6155] done synthesizing module 'floprc__parameterized1' (14#1) [D:/Programs/vivado/cpu_4/cpu_3.srcs/sources_1/new/floprc.v:23]
WARNING: [Synth 8-689] width (1) of port connection 'q' does not match port width (32) of module 'floprc__parameterized0' [D:/Programs/vivado/cpu_4/cpu_3.srcs/sources_1/new/datapath.v:228]
WARNING: [Synth 8-689] width (1) of port connection 'q' does not match port width (32) of module 'floprc__parameterized0' [D:/Programs/vivado/cpu_4/cpu_3.srcs/sources_1/new/datapath.v:235]
INFO: [Synth 8-6157] synthesizing module 'mux3' [D:/Programs/vivado/cpu_4/cpu_3.srcs/sources_1/new/mux3.v:23]
INFO: [Synth 8-6155] done synthesizing module 'mux3' (15#1) [D:/Programs/vivado/cpu_4/cpu_3.srcs/sources_1/new/mux3.v:23]
WARNING: [Synth 8-689] width (5) of port connection 'out' does not match port width (32) of module 'mux2' [D:/Programs/vivado/cpu_4/cpu_3.srcs/sources_1/new/datapath.v:270]
INFO: [Synth 8-6157] synthesizing module 'alu' [D:/Programs/vivado/cpu_4/cpu_3.srcs/sources_1/new/alu.v:24]
INFO: [Synth 8-155] case statement is not full and has no default [D:/Programs/vivado/cpu_4/cpu_3.srcs/sources_1/new/alu.v:34]
INFO: [Synth 8-6155] done synthesizing module 'alu' (16#1) [D:/Programs/vivado/cpu_4/cpu_3.srcs/sources_1/new/alu.v:24]
WARNING: [Synth 8-7071] port 'zero' of module 'alu' is unconnected for instance 'my_alu' [D:/Programs/vivado/cpu_4/cpu_3.srcs/sources_1/new/datapath.v:272]
WARNING: [Synth 8-7071] port 'overflow' of module 'alu' is unconnected for instance 'my_alu' [D:/Programs/vivado/cpu_4/cpu_3.srcs/sources_1/new/datapath.v:272]
WARNING: [Synth 8-7023] instance 'my_alu' of module 'alu' has 6 connections declared, but only 4 given [D:/Programs/vivado/cpu_4/cpu_3.srcs/sources_1/new/datapath.v:272]
INFO: [Synth 8-6157] synthesizing module 'flopr__parameterized1' [D:/Programs/vivado/cpu_4/cpu_3.srcs/sources_1/new/flopr.v:23]
INFO: [Synth 8-6155] done synthesizing module 'flopr__parameterized1' (16#1) [D:/Programs/vivado/cpu_4/cpu_3.srcs/sources_1/new/flopr.v:23]
INFO: [Synth 8-6157] synthesizing module 'flopr__parameterized2' [D:/Programs/vivado/cpu_4/cpu_3.srcs/sources_1/new/flopr.v:23]
	Parameter width bound to: 5 - type: integer 
INFO: [Synth 8-6155] done synthesizing module 'flopr__parameterized2' (16#1) [D:/Programs/vivado/cpu_4/cpu_3.srcs/sources_1/new/flopr.v:23]
WARNING: [Synth 8-689] width (1) of port connection 'q' does not match port width (32) of module 'flopr__parameterized1' [D:/Programs/vivado/cpu_4/cpu_3.srcs/sources_1/new/datapath.v:309]
WARNING: [Synth 8-689] width (1) of port connection 'q' does not match port width (32) of module 'flopr__parameterized1' [D:/Programs/vivado/cpu_4/cpu_3.srcs/sources_1/new/datapath.v:315]
WARNING: [Synth 8-689] width (1) of port connection 'q' does not match port width (32) of module 'flopr__parameterized1' [D:/Programs/vivado/cpu_4/cpu_3.srcs/sources_1/new/datapath.v:321]
INFO: [Synth 8-6155] done synthesizing module 'datapath' (17#1) [D:/Programs/vivado/cpu_4/cpu_3.srcs/sources_1/new/datapath.v:23]
INFO: [Synth 8-6155] done synthesizing module 'mips' (18#1) [D:/Programs/vivado/cpu_4/cpu_3.srcs/sources_1/imports/rtl/mips.v:23]
INFO: [Synth 8-6157] synthesizing module 'inst_mem' [D:/Programs/vivado/cpu_4/cpu_3.runs/synth_1/.Xil/Vivado-10848-LAPTOP-8DNNU5PI/realtime/inst_mem_stub.v:6]
INFO: [Synth 8-6155] done synthesizing module 'inst_mem' (19#1) [D:/Programs/vivado/cpu_4/cpu_3.runs/synth_1/.Xil/Vivado-10848-LAPTOP-8DNNU5PI/realtime/inst_mem_stub.v:6]
INFO: [Synth 8-6157] synthesizing module 'data_mem' [D:/Programs/vivado/cpu_4/cpu_3.runs/synth_1/.Xil/Vivado-10848-LAPTOP-8DNNU5PI/realtime/data_mem_stub.v:6]
INFO: [Synth 8-6155] done synthesizing module 'data_mem' (20#1) [D:/Programs/vivado/cpu_4/cpu_3.runs/synth_1/.Xil/Vivado-10848-LAPTOP-8DNNU5PI/realtime/data_mem_stub.v:6]
INFO: [Synth 8-6155] done synthesizing module 'top' (21#1) [D:/Programs/vivado/cpu_4/cpu_3.srcs/sources_1/imports/rtl/top.v:23]
---------------------------------------------------------------------------------
Finished RTL Elaboration : Time (s): cpu = 00:00:18 ; elapsed = 00:00:18 . Memory (MB): peak = 2534.688 ; gain = 1398.090
---------------------------------------------------------------------------------
---------------------------------------------------------------------------------
Start Handling Custom Attributes
---------------------------------------------------------------------------------
---------------------------------------------------------------------------------
Finished Handling Custom Attributes : Time (s): cpu = 00:00:19 ; elapsed = 00:00:20 . Memory (MB): peak = 2534.688 ; gain = 1398.090
---------------------------------------------------------------------------------
---------------------------------------------------------------------------------
Finished RTL Optimization Phase 1 : Time (s): cpu = 00:00:19 ; elapsed = 00:00:20 . Memory (MB): peak = 2534.688 ; gain = 1398.090
---------------------------------------------------------------------------------
Netlist sorting complete. Time (s): cpu = 00:00:00 ; elapsed = 00:00:00.104 . Memory (MB): peak = 2534.688 ; gain = 0.000
INFO: [Project 1-570] Preparing netlist for logic optimization

Processing XDC Constraints
Initializing timing engine
Parsing XDC File [d:/Programs/vivado/cpu_4/cpu_3.gen/sources_1/ip/data_mem/data_mem/data_mem_in_context.xdc] for cell 'dmem'
Finished Parsing XDC File [d:/Programs/vivado/cpu_4/cpu_3.gen/sources_1/ip/data_mem/data_mem/data_mem_in_context.xdc] for cell 'dmem'
Parsing XDC File [d:/Programs/vivado/cpu_4/cpu_3.gen/sources_1/ip/inst_mem/inst_mem/inst_mem_in_context.xdc] for cell 'imem'
Finished Parsing XDC File [d:/Programs/vivado/cpu_4/cpu_3.gen/sources_1/ip/inst_mem/inst_mem/inst_mem_in_context.xdc] for cell 'imem'
Completed Processing XDC Constraints

Netlist sorting complete. Time (s): cpu = 00:00:00 ; elapsed = 00:00:00.001 . Memory (MB): peak = 2534.688 ; gain = 0.000
INFO: [Project 1-111] Unisim Transformation Summary:
No Unisim elements were transformed.

Constraint Validation Runtime : Time (s): cpu = 00:00:00 ; elapsed = 00:00:00.042 . Memory (MB): peak = 2534.688 ; gain = 0.000
---------------------------------------------------------------------------------
Finished Constraint Validation : Time (s): cpu = 00:00:25 ; elapsed = 00:00:25 . Memory (MB): peak = 2534.688 ; gain = 1398.090
---------------------------------------------------------------------------------
---------------------------------------------------------------------------------
Start Loading Part and Timing Information
---------------------------------------------------------------------------------
Loading part: xc7a100tcsg324-2
---------------------------------------------------------------------------------
Finished Loading Part and Timing Information : Time (s): cpu = 00:00:25 ; elapsed = 00:00:25 . Memory (MB): peak = 2534.688 ; gain = 1398.090
---------------------------------------------------------------------------------
---------------------------------------------------------------------------------
Start Applying 'set_property' XDC Constraints
---------------------------------------------------------------------------------
Applied set_property KEEP_HIERARCHY = SOFT for dmem. (constraint file  auto generated constraint).
Applied set_property KEEP_HIERARCHY = SOFT for imem. (constraint file  auto generated constraint).
---------------------------------------------------------------------------------
Finished applying 'set_property' XDC Constraints : Time (s): cpu = 00:00:25 ; elapsed = 00:00:25 . Memory (MB): peak = 2534.688 ; gain = 1398.090
---------------------------------------------------------------------------------
WARNING: [Synth 8-327] inferring latch for variable 'tmp_reg' [D:/Programs/vivado/cpu_4/cpu_3.srcs/sources_1/new/alu.v:36]
---------------------------------------------------------------------------------
Finished RTL Optimization Phase 2 : Time (s): cpu = 00:00:32 ; elapsed = 00:00:34 . Memory (MB): peak = 2534.688 ; gain = 1398.090
---------------------------------------------------------------------------------
---------------------------------------------------------------------------------
Start RTL Component Statistics 
---------------------------------------------------------------------------------
Detailed RTL Component Info : 
+---Adders : 
	   2 Input   33 Bit       Adders := 2     
	   3 Input   33 Bit       Adders := 1     
	   2 Input   32 Bit       Adders := 3     
+---XORs : 
	   2 Input      1 Bit         XORs := 1     
+---Registers : 
	               32 Bit    Registers := 21    
	               15 Bit    Registers := 1     
	               10 Bit    Registers := 1     
	                6 Bit    Registers := 1024  
	                5 Bit    Registers := 2     
	                3 Bit    Registers := 1     
	                2 Bit    Registers := 65    
	                1 Bit    Registers := 1     
+---Muxes : 
	   2 Input   32 Bit        Muxes := 9     
	   4 Input   32 Bit        Muxes := 2     
	   7 Input    7 Bit        Muxes := 1     
	   2 Input    5 Bit        Muxes := 1     
	   7 Input    5 Bit        Muxes := 1     
	   5 Input    5 Bit        Muxes := 1     
	   7 Input    3 Bit        Muxes := 1     
	   6 Input    2 Bit        Muxes := 1     
	   2 Input    2 Bit        Muxes := 2     
	   2 Input    1 Bit        Muxes := 88    
	   7 Input    1 Bit        Muxes := 1     
---------------------------------------------------------------------------------
Finished RTL Component Statistics 
---------------------------------------------------------------------------------
---------------------------------------------------------------------------------
Start Part Resource Summary
---------------------------------------------------------------------------------
Part Resources:
DSPs: 240 (col length:80)
BRAMs: 270 (col length: RAMB18 80 RAMB36 40)
---------------------------------------------------------------------------------
Finished Part Resource Summary
---------------------------------------------------------------------------------
---------------------------------------------------------------------------------
Start Cross Boundary and Area Optimization
---------------------------------------------------------------------------------
---------------------------------------------------------------------------------
Finished Cross Boundary and Area Optimization : Time (s): cpu = 00:01:23 ; elapsed = 00:01:26 . Memory (MB): peak = 2534.688 ; gain = 1398.090
---------------------------------------------------------------------------------
---------------------------------------------------------------------------------
Start ROM, RAM, DSP, Shift Register and Retiming Reporting
---------------------------------------------------------------------------------

Distributed RAM: Preliminary Mapping Report (see note below)
+------------+------------+-----------+----------------------+--------------+
|Module Name | RTL Object | Inference | Size (Depth x Width) | Primitives   | 
+------------+------------+-----------+----------------------+--------------+
|top         | rf/rf_reg  | Implied   | 32 x 32              | RAM32M x 12  | 
+------------+------------+-----------+----------------------+--------------+

Note: The table above is a preliminary report that shows the Distributed RAMs at the current stage of the synthesis flow. Some Distributed RAMs may be reimplemented as non Distributed RAM primitives later in the synthesis flow. Multiple instantiated RAMs are reported only once.
---------------------------------------------------------------------------------
Finished ROM, RAM, DSP, Shift Register and Retiming Reporting
---------------------------------------------------------------------------------
---------------------------------------------------------------------------------
Start Applying XDC Timing Constraints
---------------------------------------------------------------------------------
---------------------------------------------------------------------------------
Finished Applying XDC Timing Constraints : Time (s): cpu = 00:01:27 ; elapsed = 00:01:30 . Memory (MB): peak = 2534.688 ; gain = 1398.090
---------------------------------------------------------------------------------
---------------------------------------------------------------------------------
Start Timing Optimization
---------------------------------------------------------------------------------
---------------------------------------------------------------------------------
Finished Timing Optimization : Time (s): cpu = 00:01:27 ; elapsed = 00:01:31 . Memory (MB): peak = 2534.688 ; gain = 1398.090
---------------------------------------------------------------------------------
---------------------------------------------------------------------------------
Start ROM, RAM, DSP, Shift Register and Retiming Reporting
---------------------------------------------------------------------------------

Distributed RAM: Final Mapping Report
+------------+------------+-----------+----------------------+--------------+
|Module Name | RTL Object | Inference | Size (Depth x Width) | Primitives   | 
+------------+------------+-----------+----------------------+--------------+
|top         | rf/rf_reg  | Implied   | 32 x 32              | RAM32M x 12  | 
+------------+------------+-----------+----------------------+--------------+

---------------------------------------------------------------------------------
Finished ROM, RAM, DSP, Shift Register and Retiming Reporting
---------------------------------------------------------------------------------
---------------------------------------------------------------------------------
Start Technology Mapping
---------------------------------------------------------------------------------
---------------------------------------------------------------------------------
Finished Technology Mapping : Time (s): cpu = 00:01:29 ; elapsed = 00:01:32 . Memory (MB): peak = 2534.688 ; gain = 1398.090
---------------------------------------------------------------------------------
---------------------------------------------------------------------------------
Start IO Insertion
---------------------------------------------------------------------------------
---------------------------------------------------------------------------------
Start Flattening Before IO Insertion
---------------------------------------------------------------------------------
---------------------------------------------------------------------------------
Finished Flattening Before IO Insertion
---------------------------------------------------------------------------------
---------------------------------------------------------------------------------
Start Final Netlist Cleanup
---------------------------------------------------------------------------------
---------------------------------------------------------------------------------
Finished Final Netlist Cleanup
---------------------------------------------------------------------------------
---------------------------------------------------------------------------------
Finished IO Insertion : Time (s): cpu = 00:01:33 ; elapsed = 00:01:36 . Memory (MB): peak = 2534.688 ; gain = 1398.090
---------------------------------------------------------------------------------
---------------------------------------------------------------------------------
Start Renaming Generated Instances
---------------------------------------------------------------------------------
---------------------------------------------------------------------------------
Finished Renaming Generated Instances : Time (s): cpu = 00:01:33 ; elapsed = 00:01:36 . Memory (MB): peak = 2534.688 ; gain = 1398.090
---------------------------------------------------------------------------------
---------------------------------------------------------------------------------
Start Rebuilding User Hierarchy
---------------------------------------------------------------------------------
---------------------------------------------------------------------------------
Finished Rebuilding User Hierarchy : Time (s): cpu = 00:01:34 ; elapsed = 00:01:37 . Memory (MB): peak = 2534.688 ; gain = 1398.090
---------------------------------------------------------------------------------
---------------------------------------------------------------------------------
Start Renaming Generated Ports
---------------------------------------------------------------------------------
---------------------------------------------------------------------------------
Finished Renaming Generated Ports : Time (s): cpu = 00:01:34 ; elapsed = 00:01:37 . Memory (MB): peak = 2534.688 ; gain = 1398.090
---------------------------------------------------------------------------------
---------------------------------------------------------------------------------
Start Handling Custom Attributes
---------------------------------------------------------------------------------
---------------------------------------------------------------------------------
Finished Handling Custom Attributes : Time (s): cpu = 00:01:34 ; elapsed = 00:01:37 . Memory (MB): peak = 2534.688 ; gain = 1398.090
---------------------------------------------------------------------------------
---------------------------------------------------------------------------------
Start Renaming Generated Nets
---------------------------------------------------------------------------------
---------------------------------------------------------------------------------
Finished Renaming Generated Nets : Time (s): cpu = 00:01:34 ; elapsed = 00:01:37 . Memory (MB): peak = 2534.688 ; gain = 1398.090
---------------------------------------------------------------------------------
---------------------------------------------------------------------------------
Start Writing Synthesis Report
---------------------------------------------------------------------------------

Report BlackBoxes: 
+------+--------------+----------+
|      |BlackBox name |Instances |
+------+--------------+----------+
|1     |inst_mem      |         1|
|2     |data_mem      |         1|
+------+--------------+----------+

Report Cell Usage: 
+------+---------+------+
|      |Cell     |Count |
+------+---------+------+
|1     |data_mem |     1|
|2     |inst_mem |     1|
|3     |BUFG     |     2|
|4     |CARRY4   |    55|
|5     |LUT1     |     6|
|6     |LUT2     |   146|
|7     |LUT3     |    56|
|8     |LUT4     |   167|
|9     |LUT5     |   329|
|10    |LUT6     |  4662|
|11    |MUXF7    |  1656|
|12    |MUXF8    |   824|
|13    |RAM32M   |    10|
|14    |RAM32X1D |     4|
|15    |FDCE     |    69|
|16    |FDRE     |  6741|
|17    |FDSE     |    64|
|18    |LD       |    32|
|19    |IBUF     |     2|
|20    |OBUF     |   129|
+------+---------+------+
---------------------------------------------------------------------------------
Finished Writing Synthesis Report : Time (s): cpu = 00:01:34 ; elapsed = 00:01:37 . Memory (MB): peak = 2534.688 ; gain = 1398.090
---------------------------------------------------------------------------------
Synthesis finished with 0 errors, 0 critical warnings and 1 warnings.
Synthesis Optimization Runtime : Time (s): cpu = 00:01:13 ; elapsed = 00:01:35 . Memory (MB): peak = 2534.688 ; gain = 1398.090
Synthesis Optimization Complete : Time (s): cpu = 00:01:34 ; elapsed = 00:01:37 . Memory (MB): peak = 2534.688 ; gain = 1398.090
INFO: [Project 1-571] Translating synthesized netlist
Netlist sorting complete. Time (s): cpu = 00:00:00 ; elapsed = 00:00:00.125 . Memory (MB): peak = 2534.688 ; gain = 0.000
INFO: [Netlist 29-17] Analyzing 2581 Unisim elements for replacement
INFO: [Netlist 29-28] Unisim Transformation completed in 0 CPU seconds
WARNING: [Netlist 29-101] Netlist 'top' is not ideal for floorplanning, since the cellview 'branch_predict' contains a large number of primitives.  Please consider enabling hierarchy in synthesis if you want to do floorplanning.
INFO: [Project 1-570] Preparing netlist for logic optimization
INFO: [Opt 31-138] Pushed 1 inverter(s) to 14 load pin(s).
Netlist sorting complete. Time (s): cpu = 00:00:00 ; elapsed = 00:00:00.003 . Memory (MB): peak = 2534.688 ; gain = 0.000
INFO: [Project 1-111] Unisim Transformation Summary:
  A total of 46 instances were transformed.
  LD => LDCE: 32 instances
  RAM32M => RAM32M (inverted pins: WCLK) (RAMD32(x6), RAMS32(x2)): 10 instances
  RAM32X1D => RAM32X1D (inverted pins: WCLK) (RAMD32(x2)): 4 instances

Synth Design complete, checksum: 5831e76d
INFO: [Common 17-83] Releasing license: Synthesis
68 Infos, 19 Warnings, 0 Critical Warnings and 0 Errors encountered.
synth_design completed successfully
synth_design: Time (s): cpu = 00:01:38 ; elapsed = 00:01:42 . Memory (MB): peak = 2534.688 ; gain = 1398.090
INFO: [Common 17-1381] The checkpoint 'D:/Programs/vivado/cpu_4/cpu_3.runs/synth_1/top.dcp' has been generated.
INFO: [runtcl-4] Executing : report_utilization -file top_utilization_synth.rpt -pb top_utilization_synth.pb
INFO: [Common 17-206] Exiting Vivado at Tue Oct  5 01:03:49 2021...
