Copyright 1986-2019 Xilinx, Inc. All Rights Reserved.
------------------------------------------------------------------------------------
| Tool Version : Vivado v.2019.2 (win64) Build 2708876 Wed Nov  6 21:40:23 MST 2019
| Date         : Mon Jul 19 20:16:12 2021
| Host         : DESKTOP-60S7GEM running 64-bit major release  (build 9200)
| Command      : upgrade_ip
| Device       : xc7a100tcsg324-2
------------------------------------------------------------------------------------

Upgrade Log for IP 'inst_mem'

1. Summary
----------

SUCCESS in the upgrade of inst_mem (xilinx.com:ip:blk_mem_gen:8.4) from (Rev. 3) to (Rev. 4)






Copyright 1986-2019 Xilinx, Inc. All Rights Reserved.
------------------------------------------------------------------------------------
| Tool Version : Vivado v.2019.2 (win64) Build 2708876 Wed Nov  6 21:40:23 MST 2019
| Date         : Mon Jul 19 20:16:11 2021
| Host         : DESKTOP-60S7GEM running 64-bit major release  (build 9200)
| Command      : upgrade_ip
| Device       : xc7a100tcsg324-2
------------------------------------------------------------------------------------

Upgrade Log for IP 'data_mem'

1. Summary
----------

SUCCESS in the upgrade of data_mem (xilinx.com:ip:blk_mem_gen:8.4) from (Rev. 3) to (Rev. 4)

