Copyright 1986-2021 Xilinx, Inc. All Rights Reserved.
------------------------------------------------------------------------------------
| Tool Version : Vivado v.2021.1 (win64) Build 3247384 Thu Jun 10 19:36:33 MDT 2021
| Date         : Fri Aug  6 16:03:49 2021
| Host         : LAPTOP-8DNNU5PI running 64-bit major release  (build 9200)
| Command      : upgrade_project -migrate_output_products
| Project_Path : D:/Programs/vivado/cpu_4/cpu_3.xpr
------------------------------------------------------------------------------------

Project Status Summary

1. Project IP Status
--------------------
This project contains 2 IP and 0 Block Designs.


1.1 Project IP Instances
+----------+-------------------------+-------------------------------------+-------------------------------------+
| Instance | Status                  | Reason                              | Recommendation                      |
| Name     |                         |                                     |                                     |
+----------+-------------------------+-------------------------------------+-------------------------------------+
| inst_mem | Will be Migrated.       |                                     |                                     |
+----------+-------------------------+-------------------------------------+-------------------------------------+
| data_mem | Will be Migrated.       |                                     |                                     |
+----------+-------------------------+-------------------------------------+-------------------------------------+



