#-----------------------------------------------------------
# Vivado v2019.2 (64-bit)
# SW Build 2708876 on Wed Nov  6 21:40:23 MST 2019
# IP Build 2700528 on Thu Nov  7 00:09:20 MST 2019
# Start of session at: Sun Oct  3 17:26:21 2021
# Process ID: 2852
# Current directory: D:/Programs/vivado/cpu_4
# Command line: vivado.exe -gui_launcher_event rodinguilauncherevent9980 D:\Programs\vivado\cpu_4\cpu_3.xpr
# Log file: D:/Programs/vivado/cpu_4/vivado.log
# Journal file: D:/Programs/vivado/cpu_4\vivado.jou
#-----------------------------------------------------------
start_gui
open_project D:/Programs/vivado/cpu_4/cpu_3.xpr
ERROR: [Project 1-208] No val for DA Elab Attr
Scanning sources...
Finished scanning sources
CRITICAL WARNING: [Project 1-192] Failed to load run inst_mem_synth_1. Strategy Vivado Synthesis Defaults (Vivado Synthesis 2021) not recognized by Vivado. 

CRITICAL WARNING: [Project 1-192] Failed to load run inst_mem_impl_1. Strategy Vivado Implementation Defaults (Vivado Implementation 2021) not recognized by Vivado. 

CRITICAL WARNING: [Project 1-532] XML ERROR: Project Option SimulatorInstallDirModelSim has no valid value
CRITICAL WARNING: [Project 1-532] XML ERROR: Project Option SimulatorInstallDirQuesta has no valid value
CRITICAL WARNING: [Project 1-532] XML ERROR: Project Option SimulatorInstallDirIES has no valid value
CRITICAL WARNING: [Project 1-532] XML ERROR: Project Option SimulatorInstallDirXcelium has no valid value
CRITICAL WARNING: [Project 1-532] XML ERROR: Project Option SimulatorInstallDirVCS has no valid value
CRITICAL WARNING: [Project 1-532] XML ERROR: Project Option SimulatorInstallDirRiviera has no valid value
CRITICAL WARNING: [Project 1-532] XML ERROR: Project Option SimulatorInstallDirActiveHdl has no valid value
CRITICAL WARNING: [Project 1-532] XML ERROR: Project Option SimulatorGccInstallDirModelSim has no valid value
CRITICAL WARNING: [Project 1-532] XML ERROR: Project Option SimulatorGccInstallDirQuesta has no valid value
CRITICAL WARNING: [Project 1-532] XML ERROR: Project Option SimulatorGccInstallDirIES has no valid value
CRITICAL WARNING: [Project 1-532] XML ERROR: Project Option SimulatorGccInstallDirXcelium has no valid value
CRITICAL WARNING: [Project 1-532] XML ERROR: Project Option SimulatorGccInstallDirVCS has no valid value
CRITICAL WARNING: [Project 1-532] XML ERROR: Project Option SimulatorGccInstallDirRiviera has no valid value
CRITICAL WARNING: [Project 1-532] XML ERROR: Project Option SimulatorGccInstallDirActiveHdl has no valid value
CRITICAL WARNING: [Project 1-505] Unrecognized Option Name SimulatorVersionXsim
CRITICAL WARNING: [Project 1-505] Unrecognized Option Name SimulatorVersionModelSim
CRITICAL WARNING: [Project 1-505] Unrecognized Option Name SimulatorVersionQuesta
CRITICAL WARNING: [Project 1-505] Unrecognized Option Name SimulatorVersionIES
CRITICAL WARNING: [Project 1-505] Unrecognized Option Name SimulatorVersionXcelium
CRITICAL WARNING: [Project 1-505] Unrecognized Option Name SimulatorVersionVCS
CRITICAL WARNING: [Project 1-505] Unrecognized Option Name SimulatorVersionRiviera
CRITICAL WARNING: [Project 1-505] Unrecognized Option Name SimulatorVersionActiveHdl
CRITICAL WARNING: [Project 1-505] Unrecognized Option Name SimulatorGccVersionXsim
CRITICAL WARNING: [Project 1-505] Unrecognized Option Name SimulatorGccVersionModelSim
CRITICAL WARNING: [Project 1-505] Unrecognized Option Name SimulatorGccVersionQuesta
CRITICAL WARNING: [Project 1-505] Unrecognized Option Name SimulatorGccVersionIES
CRITICAL WARNING: [Project 1-505] Unrecognized Option Name SimulatorGccVersionXcelium
CRITICAL WARNING: [Project 1-505] Unrecognized Option Name SimulatorGccVersionVCS
CRITICAL WARNING: [Project 1-505] Unrecognized Option Name SimulatorGccVersionRiviera
CRITICAL WARNING: [Project 1-505] Unrecognized Option Name SimulatorGccVersionActiveHdl
CRITICAL WARNING: [Project 1-505] Unrecognized Option Name IPDefaultOutputPath
CRITICAL WARNING: [Project 1-505] Unrecognized Option Name ClassicSocBoot
WARNING: [IP_Flow 19-395] Problem validating against XML schema: see 'xilinx:componentInstanceExtensions' : Bad end of element
CRITICAL WARNING: [IP_Flow 19-5097] Unable to determine VLNV from IP file; verify it has the correct syntax: D:/Programs/vivado/cpu_4/cpu_3.srcs/sources_1/ip/data_mem/data_mem.xci
WARNING: [IP_Flow 19-395] Problem validating against XML schema: see 'xilinx:componentInstanceExtensions' : Bad end of element
CRITICAL WARNING: [IP_Flow 19-5097] Unable to determine VLNV from IP file; verify it has the correct syntax: D:/Programs/vivado/cpu_4/cpu_3.srcs/sources_1/ip/inst_mem/inst_mem.xci
WARNING: [Project 1-231] Project 'cpu_3.xpr' was created with a future version and may or may not perform reliably with this version of Vivado. It has been opened in read-only mode for the protection of unrecognized data. Use 'File | Save Project As...' if you wish to alter a copy of the project.
INFO: [IP_Flow 19-234] Refreshing IP repositories
INFO: [IP_Flow 19-1704] No user IP repositories specified
INFO: [IP_Flow 19-2313] Loaded Vivado IP repository 'D:/Program_Files/vivado_2019_2/Vivado/2019.2/data/ip'.
ERROR: [Common 17-39] 'open_project' failed due to earlier errors.
update_compile_order -fileset sources_1
exit
INFO: [Common 17-206] Exiting Vivado at Sun Oct  3 17:27:48 2021...
