#-----------------------------------------------------------
# Vivado v2019.1 (64-bit)
# SW Build 2552052 on Fri May 24 14:49:42 MDT 2019
# IP Build 2548770 on Fri May 24 18:01:18 MDT 2019
# Start of session at: Tue Jul  6 23:23:42 2021
# Process ID: 5636
# Current directory: D:/vivado/cpu_4
# Command line: vivado.exe -gui_launcher_event rodinguilauncherevent2452 D:\vivado\cpu_4\cpu_3.xpr
# Log file: D:/vivado/cpu_4/vivado.log
# Journal file: D:/vivado/cpu_4\vivado.jou
#-----------------------------------------------------------
start_gui
open_project D:/vivado/cpu_4/cpu_3.xpr
INFO: [Project 1-313] Project file moved from 'D:/vivado/cpu_3' since last save.
Scanning sources...
Finished scanning sources
INFO: [IP_Flow 19-234] Refreshing IP repositories
INFO: [IP_Flow 19-1704] No user IP repositories specified
INFO: [IP_Flow 19-2313] Loaded Vivado IP repository 'D:/Xilinx_Vivado/Vivado/2019.1/data/ip'.
open_project: Time (s): cpu = 00:00:14 ; elapsed = 00:00:18 . Memory (MB): peak = 852.973 ; gain = 199.020
update_compile_order -fileset sources_1
exit
INFO: [Common 17-206] Exiting Vivado at Wed Jul  7 00:00:17 2021...
